07-17 17:29:45 com_github_MitjaNemec_Archive3DModels.action_archive_3d_models 220:Plugin executed on: 'linux'
07-17 17:29:45 com_github_MitjaNemec_Archive3DModels.action_archive_3d_models 221:Plugin executed with python version: '3.10.6 (main, May 29 2023, 11:10:38) [GCC 11.3.0]'
07-17 17:29:45 com_github_MitjaNemec_Archive3DModels.action_archive_3d_models 222:KiCad build version: 7.0.6-7.0.6~ubuntu22.04.1
07-17 17:29:45 com_github_MitjaNemec_Archive3DModels.action_archive_3d_models 223:Plugin version: 1.0.9

07-17 17:29:45 com_github_MitjaNemec_Archive3DModels.action_archive_3d_models 228:Screen sizes: [wx.Size(1366, 768), wx.Size(1920, 1080)]
07-17 17:29:45 com_github_MitjaNemec_Archive3DModels.action_archive_3d_models 235:Dialog size: wx.Size(213, 81)
07-17 17:29:45 com_github_MitjaNemec_Archive3DModels.action_archive_3d_models 237:Char size: 17
07-17 17:29:46 com_github_MitjaNemec_Archive3DModels.archive_3d_models 24:Starting to archive 3D models
07-17 17:29:46 com_github_MitjaNemec_Archive3DModels.archive_3d_models 45:Getting 3D models for footprint of: D27
07-17 17:29:46 com_github_MitjaNemec_Archive3DModels.archive_3d_models 56:Trying to copy: ${KIPRJMOD}/packages3D/LED_0603_1608Metric.wrl
07-17 17:29:46 com_github_MitjaNemec_Archive3DModels.archive_3d_models 136:Remapping: ${KIPRJMOD}/packages3D/LED_0603_1608Metric.wrl
07-17 17:29:46 com_github_MitjaNemec_Archive3DModels.archive_3d_models 45:Getting 3D models for footprint of: R17
07-17 17:29:46 com_github_MitjaNemec_Archive3DModels.archive_3d_models 56:Trying to copy: ${KIPRJMOD}/packages3D/R_0603_1608Metric.wrl
07-17 17:29:46 com_github_MitjaNemec_Archive3DModels.archive_3d_models 136:Remapping: ${KIPRJMOD}/packages3D/R_0603_1608Metric.wrl
07-17 17:29:46 com_github_MitjaNemec_Archive3DModels.archive_3d_models 45:Getting 3D models for footprint of: FID3
07-17 17:29:46 com_github_MitjaNemec_Archive3DModels.archive_3d_models 45:Getting 3D models for footprint of: H3
07-17 17:29:46 com_github_MitjaNemec_Archive3DModels.archive_3d_models 45:Getting 3D models for footprint of: FID2
07-17 17:29:46 com_github_MitjaNemec_Archive3DModels.archive_3d_models 45:Getting 3D models for footprint of: R7
07-17 17:29:46 com_github_MitjaNemec_Archive3DModels.archive_3d_models 56:Trying to copy: ${KIPRJMOD}/packages3D/R_0603_1608Metric.wrl
07-17 17:29:46 com_github_MitjaNemec_Archive3DModels.archive_3d_models 136:Remapping: ${KIPRJMOD}/packages3D/R_0603_1608Metric.wrl
07-17 17:29:46 com_github_MitjaNemec_Archive3DModels.archive_3d_models 45:Getting 3D models for footprint of: REF**
07-17 17:29:46 com_github_MitjaNemec_Archive3DModels.archive_3d_models 45:Getting 3D models for footprint of: J10
07-17 17:29:46 com_github_MitjaNemec_Archive3DModels.archive_3d_models 45:Getting 3D models for footprint of: D11
07-17 17:29:46 com_github_MitjaNemec_Archive3DModels.archive_3d_models 56:Trying to copy: ${KIPRJMOD}/packages3D/LED_0603_1608Metric.wrl
07-17 17:29:46 com_github_MitjaNemec_Archive3DModels.archive_3d_models 136:Remapping: ${KIPRJMOD}/packages3D/LED_0603_1608Metric.wrl
07-17 17:29:46 com_github_MitjaNemec_Archive3DModels.archive_3d_models 45:Getting 3D models for footprint of: LS1
07-17 17:29:46 com_github_MitjaNemec_Archive3DModels.archive_3d_models 56:Trying to copy: ${KIPRJMOD}/packages3D/Buzzer_12x9.5RM7.6.step
07-17 17:29:46 com_github_MitjaNemec_Archive3DModels.archive_3d_models 132:Did not copy: ${KIPRJMOD}/packages3D/Buzzer_12x9.5RM7.6.step
07-17 17:29:46 com_github_MitjaNemec_Archive3DModels.archive_3d_models 136:Remapping: ${KIPRJMOD}/packages3D/Buzzer_12x9.5RM7.6.step
07-17 17:29:46 com_github_MitjaNemec_Archive3DModels.archive_3d_models 45:Getting 3D models for footprint of: R25
07-17 17:29:46 com_github_MitjaNemec_Archive3DModels.archive_3d_models 56:Trying to copy: ${KIPRJMOD}/packages3D/R_0603_1608Metric.wrl
07-17 17:29:46 com_github_MitjaNemec_Archive3DModels.archive_3d_models 136:Remapping: ${KIPRJMOD}/packages3D/R_0603_1608Metric.wrl
07-17 17:29:46 com_github_MitjaNemec_Archive3DModels.archive_3d_models 45:Getting 3D models for footprint of: D29
07-17 17:29:46 com_github_MitjaNemec_Archive3DModels.archive_3d_models 56:Trying to copy: ${KIPRJMOD}/packages3D/LED_0603_1608Metric.wrl
07-17 17:29:46 com_github_MitjaNemec_Archive3DModels.archive_3d_models 136:Remapping: ${KIPRJMOD}/packages3D/LED_0603_1608Metric.wrl
07-17 17:29:46 com_github_MitjaNemec_Archive3DModels.archive_3d_models 45:Getting 3D models for footprint of: R13
07-17 17:29:46 com_github_MitjaNemec_Archive3DModels.archive_3d_models 56:Trying to copy: ${KIPRJMOD}/packages3D/R_0603_1608Metric.wrl
07-17 17:29:46 com_github_MitjaNemec_Archive3DModels.archive_3d_models 136:Remapping: ${KIPRJMOD}/packages3D/R_0603_1608Metric.wrl
07-17 17:29:46 com_github_MitjaNemec_Archive3DModels.archive_3d_models 45:Getting 3D models for footprint of: D2
07-17 17:29:46 com_github_MitjaNemec_Archive3DModels.archive_3d_models 56:Trying to copy: ${KIPRJMOD}/packages3D/LED_0603_1608Metric.wrl
07-17 17:29:46 com_github_MitjaNemec_Archive3DModels.archive_3d_models 136:Remapping: ${KIPRJMOD}/packages3D/LED_0603_1608Metric.wrl
07-17 17:29:46 com_github_MitjaNemec_Archive3DModels.archive_3d_models 45:Getting 3D models for footprint of: R11
07-17 17:29:46 com_github_MitjaNemec_Archive3DModels.archive_3d_models 56:Trying to copy: ${KIPRJMOD}/packages3D/R_0603_1608Metric.wrl
07-17 17:29:46 com_github_MitjaNemec_Archive3DModels.archive_3d_models 136:Remapping: ${KIPRJMOD}/packages3D/R_0603_1608Metric.wrl
07-17 17:29:46 com_github_MitjaNemec_Archive3DModels.archive_3d_models 45:Getting 3D models for footprint of: D12
07-17 17:29:46 com_github_MitjaNemec_Archive3DModels.archive_3d_models 56:Trying to copy: ${KIPRJMOD}/packages3D/LED_0603_1608Metric.wrl
07-17 17:29:46 com_github_MitjaNemec_Archive3DModels.archive_3d_models 136:Remapping: ${KIPRJMOD}/packages3D/LED_0603_1608Metric.wrl
07-17 17:29:46 com_github_MitjaNemec_Archive3DModels.archive_3d_models 45:Getting 3D models for footprint of: D5
07-17 17:29:46 com_github_MitjaNemec_Archive3DModels.archive_3d_models 56:Trying to copy: ${KIPRJMOD}/packages3D/LED_0603_1608Metric.wrl
07-17 17:29:46 com_github_MitjaNemec_Archive3DModels.archive_3d_models 136:Remapping: ${KIPRJMOD}/packages3D/LED_0603_1608Metric.wrl
07-17 17:29:46 com_github_MitjaNemec_Archive3DModels.archive_3d_models 45:Getting 3D models for footprint of: J4
07-17 17:29:46 com_github_MitjaNemec_Archive3DModels.archive_3d_models 45:Getting 3D models for footprint of: R4
07-17 17:29:46 com_github_MitjaNemec_Archive3DModels.archive_3d_models 56:Trying to copy: ${KIPRJMOD}/packages3D/R_0603_1608Metric.wrl
07-17 17:29:46 com_github_MitjaNemec_Archive3DModels.archive_3d_models 136:Remapping: ${KIPRJMOD}/packages3D/R_0603_1608Metric.wrl
07-17 17:29:46 com_github_MitjaNemec_Archive3DModels.archive_3d_models 45:Getting 3D models for footprint of: R21
07-17 17:29:46 com_github_MitjaNemec_Archive3DModels.archive_3d_models 56:Trying to copy: ${KIPRJMOD}/packages3D/R_0603_1608Metric.wrl
07-17 17:29:46 com_github_MitjaNemec_Archive3DModels.archive_3d_models 136:Remapping: ${KIPRJMOD}/packages3D/R_0603_1608Metric.wrl
07-17 17:29:46 com_github_MitjaNemec_Archive3DModels.archive_3d_models 45:Getting 3D models for footprint of: J2
07-17 17:29:46 com_github_MitjaNemec_Archive3DModels.archive_3d_models 45:Getting 3D models for footprint of: D22
07-17 17:29:46 com_github_MitjaNemec_Archive3DModels.archive_3d_models 56:Trying to copy: ${KIPRJMOD}/packages3D/LED_0603_1608Metric.wrl
07-17 17:29:46 com_github_MitjaNemec_Archive3DModels.archive_3d_models 136:Remapping: ${KIPRJMOD}/packages3D/LED_0603_1608Metric.wrl
07-17 17:29:46 com_github_MitjaNemec_Archive3DModels.archive_3d_models 45:Getting 3D models for footprint of: D4
07-17 17:29:46 com_github_MitjaNemec_Archive3DModels.archive_3d_models 56:Trying to copy: ${KIPRJMOD}/packages3D/LED_0603_1608Metric.wrl
07-17 17:29:46 com_github_MitjaNemec_Archive3DModels.archive_3d_models 136:Remapping: ${KIPRJMOD}/packages3D/LED_0603_1608Metric.wrl
07-17 17:29:46 com_github_MitjaNemec_Archive3DModels.archive_3d_models 45:Getting 3D models for footprint of: J6
07-17 17:29:46 com_github_MitjaNemec_Archive3DModels.archive_3d_models 45:Getting 3D models for footprint of: Q1
07-17 17:29:46 com_github_MitjaNemec_Archive3DModels.archive_3d_models 56:Trying to copy: ${KIPRJMOD}/packages3D/SOT-23.wrl
07-17 17:29:46 com_github_MitjaNemec_Archive3DModels.archive_3d_models 136:Remapping: ${KIPRJMOD}/packages3D/SOT-23.wrl
07-17 17:29:46 com_github_MitjaNemec_Archive3DModels.archive_3d_models 45:Getting 3D models for footprint of: R8
07-17 17:29:46 com_github_MitjaNemec_Archive3DModels.archive_3d_models 56:Trying to copy: ${KIPRJMOD}/packages3D/R_0603_1608Metric.wrl
07-17 17:29:46 com_github_MitjaNemec_Archive3DModels.archive_3d_models 136:Remapping: ${KIPRJMOD}/packages3D/R_0603_1608Metric.wrl
07-17 17:29:46 com_github_MitjaNemec_Archive3DModels.archive_3d_models 45:Getting 3D models for footprint of: R20
07-17 17:29:46 com_github_MitjaNemec_Archive3DModels.archive_3d_models 56:Trying to copy: ${KIPRJMOD}/packages3D/R_0603_1608Metric.wrl
07-17 17:29:46 com_github_MitjaNemec_Archive3DModels.archive_3d_models 136:Remapping: ${KIPRJMOD}/packages3D/R_0603_1608Metric.wrl
07-17 17:29:46 com_github_MitjaNemec_Archive3DModels.archive_3d_models 45:Getting 3D models for footprint of: R6
07-17 17:29:46 com_github_MitjaNemec_Archive3DModels.archive_3d_models 56:Trying to copy: ${KIPRJMOD}/packages3D/R_0603_1608Metric.wrl
07-17 17:29:46 com_github_MitjaNemec_Archive3DModels.archive_3d_models 136:Remapping: ${KIPRJMOD}/packages3D/R_0603_1608Metric.wrl
07-17 17:29:46 com_github_MitjaNemec_Archive3DModels.archive_3d_models 45:Getting 3D models for footprint of: D26
07-17 17:29:46 com_github_MitjaNemec_Archive3DModels.archive_3d_models 56:Trying to copy: ${KIPRJMOD}/packages3D/LED_0603_1608Metric.wrl
07-17 17:29:46 com_github_MitjaNemec_Archive3DModels.archive_3d_models 136:Remapping: ${KIPRJMOD}/packages3D/LED_0603_1608Metric.wrl
07-17 17:29:46 com_github_MitjaNemec_Archive3DModels.archive_3d_models 45:Getting 3D models for footprint of: D16
07-17 17:29:46 com_github_MitjaNemec_Archive3DModels.archive_3d_models 56:Trying to copy: ${KIPRJMOD}/packages3D/LED_0603_1608Metric.wrl
07-17 17:29:46 com_github_MitjaNemec_Archive3DModels.archive_3d_models 136:Remapping: ${KIPRJMOD}/packages3D/LED_0603_1608Metric.wrl
07-17 17:29:46 com_github_MitjaNemec_Archive3DModels.archive_3d_models 45:Getting 3D models for footprint of: D1
07-17 17:29:46 com_github_MitjaNemec_Archive3DModels.archive_3d_models 56:Trying to copy: ${KIPRJMOD}/packages3D/LED_0603_1608Metric.wrl
07-17 17:29:46 com_github_MitjaNemec_Archive3DModels.archive_3d_models 136:Remapping: ${KIPRJMOD}/packages3D/LED_0603_1608Metric.wrl
07-17 17:29:46 com_github_MitjaNemec_Archive3DModels.archive_3d_models 45:Getting 3D models for footprint of: R9
07-17 17:29:46 com_github_MitjaNemec_Archive3DModels.archive_3d_models 56:Trying to copy: ${KIPRJMOD}/packages3D/R_0603_1608Metric.wrl
07-17 17:29:46 com_github_MitjaNemec_Archive3DModels.archive_3d_models 136:Remapping: ${KIPRJMOD}/packages3D/R_0603_1608Metric.wrl
07-17 17:29:46 com_github_MitjaNemec_Archive3DModels.archive_3d_models 45:Getting 3D models for footprint of: D25
07-17 17:29:46 com_github_MitjaNemec_Archive3DModels.archive_3d_models 56:Trying to copy: ${KIPRJMOD}/packages3D/LED_0603_1608Metric.wrl
07-17 17:29:46 com_github_MitjaNemec_Archive3DModels.archive_3d_models 136:Remapping: ${KIPRJMOD}/packages3D/LED_0603_1608Metric.wrl
07-17 17:29:46 com_github_MitjaNemec_Archive3DModels.archive_3d_models 45:Getting 3D models for footprint of: D31
07-17 17:29:46 com_github_MitjaNemec_Archive3DModels.archive_3d_models 56:Trying to copy: ${KIPRJMOD}/packages3D/LED_D5.0mm-4_RGB.step
07-17 17:29:46 com_github_MitjaNemec_Archive3DModels.archive_3d_models 136:Remapping: ${KIPRJMOD}/packages3D/LED_D5.0mm-4_RGB.step
07-17 17:29:46 com_github_MitjaNemec_Archive3DModels.archive_3d_models 45:Getting 3D models for footprint of: D17
07-17 17:29:46 com_github_MitjaNemec_Archive3DModels.archive_3d_models 56:Trying to copy: ${KIPRJMOD}/packages3D/LED_0603_1608Metric.wrl
07-17 17:29:46 com_github_MitjaNemec_Archive3DModels.archive_3d_models 136:Remapping: ${KIPRJMOD}/packages3D/LED_0603_1608Metric.wrl
07-17 17:29:46 com_github_MitjaNemec_Archive3DModels.archive_3d_models 45:Getting 3D models for footprint of: D15
07-17 17:29:46 com_github_MitjaNemec_Archive3DModels.archive_3d_models 56:Trying to copy: ${KIPRJMOD}/packages3D/LED_0603_1608Metric.wrl
07-17 17:29:46 com_github_MitjaNemec_Archive3DModels.archive_3d_models 136:Remapping: ${KIPRJMOD}/packages3D/LED_0603_1608Metric.wrl
07-17 17:29:46 com_github_MitjaNemec_Archive3DModels.archive_3d_models 45:Getting 3D models for footprint of: J9
07-17 17:29:46 com_github_MitjaNemec_Archive3DModels.archive_3d_models 45:Getting 3D models for footprint of: J15
07-17 17:29:46 com_github_MitjaNemec_Archive3DModels.archive_3d_models 56:Trying to copy: ${KIPRJMOD}/packages3D/PinSocket_1x06_P2.54mm_Vertical.wrl
07-17 17:29:46 com_github_MitjaNemec_Archive3DModels.archive_3d_models 136:Remapping: ${KIPRJMOD}/packages3D/PinSocket_1x06_P2.54mm_Vertical.wrl
07-17 17:29:46 com_github_MitjaNemec_Archive3DModels.archive_3d_models 45:Getting 3D models for footprint of: D7
07-17 17:29:46 com_github_MitjaNemec_Archive3DModels.archive_3d_models 56:Trying to copy: ${KIPRJMOD}/packages3D/LED_0603_1608Metric.wrl
07-17 17:29:46 com_github_MitjaNemec_Archive3DModels.archive_3d_models 136:Remapping: ${KIPRJMOD}/packages3D/LED_0603_1608Metric.wrl
07-17 17:29:46 com_github_MitjaNemec_Archive3DModels.archive_3d_models 45:Getting 3D models for footprint of: D19
07-17 17:29:46 com_github_MitjaNemec_Archive3DModels.archive_3d_models 56:Trying to copy: ${KIPRJMOD}/packages3D/LED_0603_1608Metric.wrl
07-17 17:29:46 com_github_MitjaNemec_Archive3DModels.archive_3d_models 136:Remapping: ${KIPRJMOD}/packages3D/LED_0603_1608Metric.wrl
07-17 17:29:46 com_github_MitjaNemec_Archive3DModels.archive_3d_models 45:Getting 3D models for footprint of: FID1
07-17 17:29:46 com_github_MitjaNemec_Archive3DModels.archive_3d_models 45:Getting 3D models for footprint of: D28
07-17 17:29:46 com_github_MitjaNemec_Archive3DModels.archive_3d_models 56:Trying to copy: ${KIPRJMOD}/packages3D/LED_0603_1608Metric.wrl
07-17 17:29:46 com_github_MitjaNemec_Archive3DModels.archive_3d_models 136:Remapping: ${KIPRJMOD}/packages3D/LED_0603_1608Metric.wrl
07-17 17:29:46 com_github_MitjaNemec_Archive3DModels.archive_3d_models 45:Getting 3D models for footprint of: R5
07-17 17:29:46 com_github_MitjaNemec_Archive3DModels.archive_3d_models 56:Trying to copy: ${KIPRJMOD}/packages3D/R_0603_1608Metric.wrl
07-17 17:29:46 com_github_MitjaNemec_Archive3DModels.archive_3d_models 136:Remapping: ${KIPRJMOD}/packages3D/R_0603_1608Metric.wrl
07-17 17:29:46 com_github_MitjaNemec_Archive3DModels.archive_3d_models 45:Getting 3D models for footprint of: J7
07-17 17:29:46 com_github_MitjaNemec_Archive3DModels.archive_3d_models 45:Getting 3D models for footprint of: R14
07-17 17:29:46 com_github_MitjaNemec_Archive3DModels.archive_3d_models 56:Trying to copy: ${KIPRJMOD}/packages3D/R_0603_1608Metric.wrl
07-17 17:29:46 com_github_MitjaNemec_Archive3DModels.archive_3d_models 136:Remapping: ${KIPRJMOD}/packages3D/R_0603_1608Metric.wrl
07-17 17:29:46 com_github_MitjaNemec_Archive3DModels.archive_3d_models 45:Getting 3D models for footprint of: R10
07-17 17:29:46 com_github_MitjaNemec_Archive3DModels.archive_3d_models 56:Trying to copy: ${KIPRJMOD}/packages3D/R_0603_1608Metric.wrl
07-17 17:29:46 com_github_MitjaNemec_Archive3DModels.archive_3d_models 136:Remapping: ${KIPRJMOD}/packages3D/R_0603_1608Metric.wrl
07-17 17:29:46 com_github_MitjaNemec_Archive3DModels.archive_3d_models 45:Getting 3D models for footprint of: D30
07-17 17:29:46 com_github_MitjaNemec_Archive3DModels.archive_3d_models 56:Trying to copy: ${KIPRJMOD}/packages3D/LED_0603_1608Metric.wrl
07-17 17:29:46 com_github_MitjaNemec_Archive3DModels.archive_3d_models 136:Remapping: ${KIPRJMOD}/packages3D/LED_0603_1608Metric.wrl
07-17 17:29:46 com_github_MitjaNemec_Archive3DModels.archive_3d_models 45:Getting 3D models for footprint of: J16
07-17 17:29:46 com_github_MitjaNemec_Archive3DModels.archive_3d_models 56:Trying to copy: ${KIPRJMOD}/packages3D/PinSocket_1x06_P2.54mm_Vertical.wrl
07-17 17:29:46 com_github_MitjaNemec_Archive3DModels.archive_3d_models 136:Remapping: ${KIPRJMOD}/packages3D/PinSocket_1x06_P2.54mm_Vertical.wrl
07-17 17:29:46 com_github_MitjaNemec_Archive3DModels.archive_3d_models 45:Getting 3D models for footprint of: R3
07-17 17:29:46 com_github_MitjaNemec_Archive3DModels.archive_3d_models 56:Trying to copy: ${KIPRJMOD}/packages3D/R_0603_1608Metric.wrl
07-17 17:29:46 com_github_MitjaNemec_Archive3DModels.archive_3d_models 136:Remapping: ${KIPRJMOD}/packages3D/R_0603_1608Metric.wrl
07-17 17:29:46 com_github_MitjaNemec_Archive3DModels.archive_3d_models 45:Getting 3D models for footprint of: J1
07-17 17:29:46 com_github_MitjaNemec_Archive3DModels.archive_3d_models 45:Getting 3D models for footprint of: D9
07-17 17:29:46 com_github_MitjaNemec_Archive3DModels.archive_3d_models 56:Trying to copy: ${KIPRJMOD}/packages3D/LED_0603_1608Metric.wrl
07-17 17:29:46 com_github_MitjaNemec_Archive3DModels.archive_3d_models 136:Remapping: ${KIPRJMOD}/packages3D/LED_0603_1608Metric.wrl
07-17 17:29:46 com_github_MitjaNemec_Archive3DModels.archive_3d_models 45:Getting 3D models for footprint of: D3
07-17 17:29:46 com_github_MitjaNemec_Archive3DModels.archive_3d_models 56:Trying to copy: ${KIPRJMOD}/packages3D/LED_0603_1608Metric.wrl
07-17 17:29:46 com_github_MitjaNemec_Archive3DModels.archive_3d_models 136:Remapping: ${KIPRJMOD}/packages3D/LED_0603_1608Metric.wrl
07-17 17:29:46 com_github_MitjaNemec_Archive3DModels.archive_3d_models 45:Getting 3D models for footprint of: H2
07-17 17:29:46 com_github_MitjaNemec_Archive3DModels.archive_3d_models 45:Getting 3D models for footprint of: D24
07-17 17:29:46 com_github_MitjaNemec_Archive3DModels.archive_3d_models 56:Trying to copy: ${KIPRJMOD}/packages3D/LED_0603_1608Metric.wrl
07-17 17:29:46 com_github_MitjaNemec_Archive3DModels.archive_3d_models 136:Remapping: ${KIPRJMOD}/packages3D/LED_0603_1608Metric.wrl
07-17 17:29:46 com_github_MitjaNemec_Archive3DModels.archive_3d_models 45:Getting 3D models for footprint of: D21
07-17 17:29:46 com_github_MitjaNemec_Archive3DModels.archive_3d_models 56:Trying to copy: ${KIPRJMOD}/packages3D/LED_0603_1608Metric.wrl
07-17 17:29:46 com_github_MitjaNemec_Archive3DModels.archive_3d_models 136:Remapping: ${KIPRJMOD}/packages3D/LED_0603_1608Metric.wrl
07-17 17:29:46 com_github_MitjaNemec_Archive3DModels.archive_3d_models 45:Getting 3D models for footprint of: D18
07-17 17:29:46 com_github_MitjaNemec_Archive3DModels.archive_3d_models 56:Trying to copy: ${KIPRJMOD}/packages3D/LED_0603_1608Metric.wrl
07-17 17:29:46 com_github_MitjaNemec_Archive3DModels.archive_3d_models 136:Remapping: ${KIPRJMOD}/packages3D/LED_0603_1608Metric.wrl
07-17 17:29:46 com_github_MitjaNemec_Archive3DModels.archive_3d_models 45:Getting 3D models for footprint of: R22
07-17 17:29:46 com_github_MitjaNemec_Archive3DModels.archive_3d_models 56:Trying to copy: ${KIPRJMOD}/packages3D/R_0603_1608Metric.wrl
07-17 17:29:46 com_github_MitjaNemec_Archive3DModels.archive_3d_models 136:Remapping: ${KIPRJMOD}/packages3D/R_0603_1608Metric.wrl
07-17 17:29:46 com_github_MitjaNemec_Archive3DModels.archive_3d_models 45:Getting 3D models for footprint of: D23
07-17 17:29:46 com_github_MitjaNemec_Archive3DModels.archive_3d_models 56:Trying to copy: ${KIPRJMOD}/packages3D/LED_0603_1608Metric.wrl
07-17 17:29:46 com_github_MitjaNemec_Archive3DModels.archive_3d_models 136:Remapping: ${KIPRJMOD}/packages3D/LED_0603_1608Metric.wrl
07-17 17:29:46 com_github_MitjaNemec_Archive3DModels.archive_3d_models 45:Getting 3D models for footprint of: D6
07-17 17:29:46 com_github_MitjaNemec_Archive3DModels.archive_3d_models 56:Trying to copy: ${KIPRJMOD}/packages3D/LED_0603_1608Metric.wrl
07-17 17:29:46 com_github_MitjaNemec_Archive3DModels.archive_3d_models 136:Remapping: ${KIPRJMOD}/packages3D/LED_0603_1608Metric.wrl
07-17 17:29:46 com_github_MitjaNemec_Archive3DModels.archive_3d_models 45:Getting 3D models for footprint of: J8
07-17 17:29:46 com_github_MitjaNemec_Archive3DModels.archive_3d_models 45:Getting 3D models for footprint of: R2
07-17 17:29:46 com_github_MitjaNemec_Archive3DModels.archive_3d_models 56:Trying to copy: ${KIPRJMOD}/packages3D/R_0603_1608Metric.wrl
07-17 17:29:46 com_github_MitjaNemec_Archive3DModels.archive_3d_models 136:Remapping: ${KIPRJMOD}/packages3D/R_0603_1608Metric.wrl
07-17 17:29:46 com_github_MitjaNemec_Archive3DModels.archive_3d_models 45:Getting 3D models for footprint of: D8
07-17 17:29:46 com_github_MitjaNemec_Archive3DModels.archive_3d_models 56:Trying to copy: ${KIPRJMOD}/packages3D/LED_0603_1608Metric.wrl
07-17 17:29:46 com_github_MitjaNemec_Archive3DModels.archive_3d_models 136:Remapping: ${KIPRJMOD}/packages3D/LED_0603_1608Metric.wrl
07-17 17:29:46 com_github_MitjaNemec_Archive3DModels.archive_3d_models 45:Getting 3D models for footprint of: R1
07-17 17:29:46 com_github_MitjaNemec_Archive3DModels.archive_3d_models 56:Trying to copy: ${KIPRJMOD}/packages3D/R_0603_1608Metric.wrl
07-17 17:29:46 com_github_MitjaNemec_Archive3DModels.archive_3d_models 136:Remapping: ${KIPRJMOD}/packages3D/R_0603_1608Metric.wrl
07-17 17:29:46 com_github_MitjaNemec_Archive3DModels.archive_3d_models 45:Getting 3D models for footprint of: R19
07-17 17:29:46 com_github_MitjaNemec_Archive3DModels.archive_3d_models 56:Trying to copy: ${KIPRJMOD}/packages3D/R_0603_1608Metric.wrl
07-17 17:29:46 com_github_MitjaNemec_Archive3DModels.archive_3d_models 136:Remapping: ${KIPRJMOD}/packages3D/R_0603_1608Metric.wrl
07-17 17:29:46 com_github_MitjaNemec_Archive3DModels.archive_3d_models 45:Getting 3D models for footprint of: J5
07-17 17:29:46 com_github_MitjaNemec_Archive3DModels.archive_3d_models 45:Getting 3D models for footprint of: R18
07-17 17:29:46 com_github_MitjaNemec_Archive3DModels.archive_3d_models 56:Trying to copy: ${KIPRJMOD}/packages3D/R_0603_1608Metric.wrl
07-17 17:29:46 com_github_MitjaNemec_Archive3DModels.archive_3d_models 136:Remapping: ${KIPRJMOD}/packages3D/R_0603_1608Metric.wrl
07-17 17:29:46 com_github_MitjaNemec_Archive3DModels.archive_3d_models 45:Getting 3D models for footprint of: J3
07-17 17:29:46 com_github_MitjaNemec_Archive3DModels.archive_3d_models 45:Getting 3D models for footprint of: R16
07-17 17:29:46 com_github_MitjaNemec_Archive3DModels.archive_3d_models 56:Trying to copy: ${KIPRJMOD}/packages3D/R_0603_1608Metric.wrl
07-17 17:29:46 com_github_MitjaNemec_Archive3DModels.archive_3d_models 136:Remapping: ${KIPRJMOD}/packages3D/R_0603_1608Metric.wrl
07-17 17:29:46 com_github_MitjaNemec_Archive3DModels.archive_3d_models 45:Getting 3D models for footprint of: D14
07-17 17:29:46 com_github_MitjaNemec_Archive3DModels.archive_3d_models 56:Trying to copy: ${KIPRJMOD}/packages3D/LED_0603_1608Metric.wrl
07-17 17:29:46 com_github_MitjaNemec_Archive3DModels.archive_3d_models 136:Remapping: ${KIPRJMOD}/packages3D/LED_0603_1608Metric.wrl
07-17 17:29:46 com_github_MitjaNemec_Archive3DModels.archive_3d_models 45:Getting 3D models for footprint of: D10
07-17 17:29:46 com_github_MitjaNemec_Archive3DModels.archive_3d_models 56:Trying to copy: ${KIPRJMOD}/packages3D/LED_0603_1608Metric.wrl
07-17 17:29:46 com_github_MitjaNemec_Archive3DModels.archive_3d_models 136:Remapping: ${KIPRJMOD}/packages3D/LED_0603_1608Metric.wrl
07-17 17:29:46 com_github_MitjaNemec_Archive3DModels.archive_3d_models 45:Getting 3D models for footprint of: SW2
07-17 17:29:46 com_github_MitjaNemec_Archive3DModels.archive_3d_models 56:Trying to copy: ${KIPRJMOD}/packages3D/WURTH ELEKTRONIK 430476085716.stp
07-17 17:29:46 com_github_MitjaNemec_Archive3DModels.archive_3d_models 136:Remapping: ${KIPRJMOD}/packages3D/WURTH ELEKTRONIK 430476085716.stp
07-17 17:29:46 com_github_MitjaNemec_Archive3DModels.archive_3d_models 45:Getting 3D models for footprint of: R12
07-17 17:29:46 com_github_MitjaNemec_Archive3DModels.archive_3d_models 56:Trying to copy: ${KIPRJMOD}/packages3D/R_0603_1608Metric.wrl
07-17 17:29:46 com_github_MitjaNemec_Archive3DModels.archive_3d_models 136:Remapping: ${KIPRJMOD}/packages3D/R_0603_1608Metric.wrl
07-17 17:29:46 com_github_MitjaNemec_Archive3DModels.archive_3d_models 45:Getting 3D models for footprint of: D20
07-17 17:29:46 com_github_MitjaNemec_Archive3DModels.archive_3d_models 56:Trying to copy: ${KIPRJMOD}/packages3D/LED_0603_1608Metric.wrl
07-17 17:29:46 com_github_MitjaNemec_Archive3DModels.archive_3d_models 136:Remapping: ${KIPRJMOD}/packages3D/LED_0603_1608Metric.wrl
07-17 17:29:46 com_github_MitjaNemec_Archive3DModels.archive_3d_models 45:Getting 3D models for footprint of: D13
07-17 17:29:46 com_github_MitjaNemec_Archive3DModels.archive_3d_models 56:Trying to copy: ${KIPRJMOD}/packages3D/LED_0603_1608Metric.wrl
07-17 17:29:46 com_github_MitjaNemec_Archive3DModels.archive_3d_models 136:Remapping: ${KIPRJMOD}/packages3D/LED_0603_1608Metric.wrl
07-17 17:29:46 com_github_MitjaNemec_Archive3DModels.archive_3d_models 45:Getting 3D models for footprint of: H4
07-17 17:29:46 com_github_MitjaNemec_Archive3DModels.archive_3d_models 45:Getting 3D models for footprint of: R23
07-17 17:29:46 com_github_MitjaNemec_Archive3DModels.archive_3d_models 56:Trying to copy: ${KIPRJMOD}/packages3D/R_0603_1608Metric.wrl
07-17 17:29:46 com_github_MitjaNemec_Archive3DModels.archive_3d_models 136:Remapping: ${KIPRJMOD}/packages3D/R_0603_1608Metric.wrl
07-17 17:29:46 com_github_MitjaNemec_Archive3DModels.archive_3d_models 45:Getting 3D models for footprint of: SW1
07-17 17:29:46 com_github_MitjaNemec_Archive3DModels.archive_3d_models 56:Trying to copy: ${KIPRJMOD}/packages3D/WURTH ELEKTRONIK 430476085716.stp
07-17 17:29:46 com_github_MitjaNemec_Archive3DModels.archive_3d_models 136:Remapping: ${KIPRJMOD}/packages3D/WURTH ELEKTRONIK 430476085716.stp
07-17 17:29:46 com_github_MitjaNemec_Archive3DModels.archive_3d_models 45:Getting 3D models for footprint of: R15
07-17 17:29:46 com_github_MitjaNemec_Archive3DModels.archive_3d_models 56:Trying to copy: ${KIPRJMOD}/packages3D/R_0603_1608Metric.wrl
07-17 17:29:46 com_github_MitjaNemec_Archive3DModels.archive_3d_models 136:Remapping: ${KIPRJMOD}/packages3D/R_0603_1608Metric.wrl
07-17 17:29:46 com_github_MitjaNemec_Archive3DModels.archive_3d_models 45:Getting 3D models for footprint of: LDR1
07-17 17:29:46 com_github_MitjaNemec_Archive3DModels.archive_3d_models 56:Trying to copy: ${KIPRJMOD}/packages3D/R_LDR_4.9x4.2mm_P2.54mm_Vertical.wrl
07-17 17:29:46 com_github_MitjaNemec_Archive3DModels.archive_3d_models 136:Remapping: ${KIPRJMOD}/packages3D/R_LDR_4.9x4.2mm_P2.54mm_Vertical.wrl
07-17 17:29:46 com_github_MitjaNemec_Archive3DModels.archive_3d_models 45:Getting 3D models for footprint of: H1
07-17 17:29:46 com_github_MitjaNemec_Archive3DModels.archive_3d_models 45:Getting 3D models for footprint of: R24
07-17 17:29:46 com_github_MitjaNemec_Archive3DModels.archive_3d_models 56:Trying to copy: ${KIPRJMOD}/packages3D/R_0603_1608Metric.wrl
07-17 17:29:46 com_github_MitjaNemec_Archive3DModels.archive_3d_models 136:Remapping: ${KIPRJMOD}/packages3D/R_0603_1608Metric.wrl
07-17 17:29:46 com_github_MitjaNemec_Archive3DModels.archive_3d_models 45:Getting 3D models for footprint of: U1
07-17 17:29:46 com_github_MitjaNemec_Archive3DModels.archive_3d_models 56:Trying to copy: ${KIPRJMOD}/packages3D/Franzininho WIFI.step
07-17 17:29:46 com_github_MitjaNemec_Archive3DModels.archive_3d_models 136:Remapping: ${KIPRJMOD}/packages3D/Franzininho WIFI.step
07-17 17:29:46 com_github_MitjaNemec_Archive3DModels.archive_3d_models 56:Trying to copy: ${KIPRJMOD}/packages3D/Franzininho WIFI.step
07-17 17:29:46 com_github_MitjaNemec_Archive3DModels.archive_3d_models 136:Remapping: ${KIPRJMOD}/packages3D/Franzininho WIFI.step
07-17 17:29:46 com_github_MitjaNemec_Archive3DModels.archive_3d_models 56:Trying to copy: ${KIPRJMOD}/packages3D/Franzininho WIFI.step
07-17 17:29:46 com_github_MitjaNemec_Archive3DModels.archive_3d_models 136:Remapping: ${KIPRJMOD}/packages3D/Franzininho WIFI.step
07-17 17:29:46 com_github_MitjaNemec_Archive3DModels.archive_3d_models 56:Trying to copy: ${KIPRJMOD}/packages3D/Franzininho WIFI.step
07-17 17:29:46 com_github_MitjaNemec_Archive3DModels.archive_3d_models 136:Remapping: ${KIPRJMOD}/packages3D/Franzininho WIFI.step
07-17 17:29:46 com_github_MitjaNemec_Archive3DModels.archive_3d_models 56:Trying to copy: ${KIPRJMOD}/packages3D/Franzininho WIFI.step
07-17 17:29:46 com_github_MitjaNemec_Archive3DModels.archive_3d_models 136:Remapping: ${KIPRJMOD}/packages3D/Franzininho WIFI.step
07-17 17:29:46 com_github_MitjaNemec_Archive3DModels.archive_3d_models 45:Getting 3D models for footprint of: J12
07-17 17:29:46 com_github_MitjaNemec_Archive3DModels.archive_3d_models 56:Trying to copy: ${KIPRJMOD}/packages3D/JST_PH_S4B-PH-K_1x04_P2.00mm_Horizontal.wrl
07-17 17:29:46 com_github_MitjaNemec_Archive3DModels.archive_3d_models 136:Remapping: ${KIPRJMOD}/packages3D/JST_PH_S4B-PH-K_1x04_P2.00mm_Horizontal.wrl
07-17 17:29:46 com_github_MitjaNemec_Archive3DModels.archive_3d_models 45:Getting 3D models for footprint of: J13
07-17 17:29:46 com_github_MitjaNemec_Archive3DModels.archive_3d_models 56:Trying to copy: ${KIPRJMOD}/packages3D/JST_PH_S4B-PH-K_1x04_P2.00mm_Horizontal.wrl
07-17 17:29:46 com_github_MitjaNemec_Archive3DModels.archive_3d_models 136:Remapping: ${KIPRJMOD}/packages3D/JST_PH_S4B-PH-K_1x04_P2.00mm_Horizontal.wrl
07-17 17:29:46 com_github_MitjaNemec_Archive3DModels.archive_3d_models 45:Getting 3D models for footprint of: J11
07-17 17:29:46 com_github_MitjaNemec_Archive3DModels.archive_3d_models 56:Trying to copy: ${KIPRJMOD}/packages3D/JST_PH_S4B-PH-K_1x04_P2.00mm_Horizontal.wrl
07-17 17:29:46 com_github_MitjaNemec_Archive3DModels.archive_3d_models 136:Remapping: ${KIPRJMOD}/packages3D/JST_PH_S4B-PH-K_1x04_P2.00mm_Horizontal.wrl
07-17 17:29:46 com_github_MitjaNemec_Archive3DModels.archive_3d_models 45:Getting 3D models for footprint of: G***
07-17 17:29:46 com_github_MitjaNemec_Archive3DModels.archive_3d_models 45:Getting 3D models for footprint of: JP1
07-17 17:29:46 com_github_MitjaNemec_Archive3DModels.archive_3d_models 45:Getting 3D models for footprint of: J14
07-17 17:29:46 com_github_MitjaNemec_Archive3DModels.archive_3d_models 56:Trying to copy: ${KIPRJMOD}/packages3D/JST_PH_S4B-PH-K_1x04_P2.00mm_Horizontal.wrl
07-17 17:29:46 com_github_MitjaNemec_Archive3DModels.archive_3d_models 136:Remapping: ${KIPRJMOD}/packages3D/JST_PH_S4B-PH-K_1x04_P2.00mm_Horizontal.wrl
07-17 17:29:46 com_github_MitjaNemec_Archive3DModels.archive_3d_models 147:Did not succeed to copy 3D models!
('LS1', '${KIPRJMOD}/packages3D/Buzzer_12x9.5RM7.6.step')
